#
# There is insufficient memory for the Java Runtime Environment to continue.
# Native memory allocation (mmap) failed to map 358088704 bytes for committing reserved memory.
# Possible reasons:
#   The system is out of physical RAM or swap space
#   In 32 bit mode, the process size limit was hit
# Possible solutions:
#   Reduce memory load on the system
#   Increase physical memory or swap space
#   Check if swap backing store is full
#   Use 64 bit Java on a 64 bit OS
#   Decrease Java heap size (-Xmx/-Xms)
#   Decrease number of Java threads
#   Decrease Java thread stack sizes (-Xss)
#   Set larger code cache with -XX:ReservedCodeCacheSize=
# This output file may be truncated or incomplete.
#
#  Out of Memory Error (os_linux.cpp:2673), pid=6037, tid=140356138862336
#
# JRE version:  (8.0_51-b16) (build )
# Java VM: Java HotSpot(TM) 64-Bit Server VM (25.51-b03 mixed mode linux-amd64 compressed oops)
# Failed to write core dump. Core dumps have been disabled. To enable core dumping, try "ulimit -c unlimited" before starting Java again
#

---------------  T H R E A D  ---------------

Current thread (0x00007fa72c008800):  JavaThread "Unknown thread" [_thread_in_vm, id=6042, stack(0x00007fa735bc8000,0x00007fa735cc9000)]

Stack: [0x00007fa735bc8000,0x00007fa735cc9000],  sp=0x00007fa735cc73b0,  free space=1020k
Native frames: (J=compiled Java code, j=interpreted, Vv=VM code, C=native code)
V  [libjvm.so+0xaaccfa]  VMError::report_and_die()+0x2ba
V  [libjvm.so+0x4f333b]  report_vm_out_of_memory(char const*, int, unsigned long, VMErrorType, char const*)+0x8b
V  [libjvm.so+0x90ea23]  os::Linux::commit_memory_impl(char*, unsigned long, bool)+0x103
V  [libjvm.so+0x90ef79]  os::pd_commit_memory(char*, unsigned long, unsigned long, bool)+0x29
V  [libjvm.so+0x9088da]  os::commit_memory(char*, unsigned long, unsigned long, bool)+0x2a
V  [libjvm.so+0x97bd23]  PSVirtualSpace::expand_by(unsigned long)+0x53
V  [libjvm.so+0x96bdd7]  PSOldGen::initialize(ReservedSpace, unsigned long, char const*, int)+0xb7
V  [libjvm.so+0x2d4cda]  AdjoiningGenerations::AdjoiningGenerations(ReservedSpace, GenerationSizer*, unsigned long)+0x39a
V  [libjvm.so+0x931976]  ParallelScavengeHeap::initialize()+0x1d6
V  [libjvm.so+0xa75e0b]  Universe::initialize_heap()+0xfb
V  [libjvm.so+0xa7617e]  universe_init()+0x3e
V  [libjvm.so+0x62f635]  init_globals()+0x65
V  [libjvm.so+0xa5a38e]  Threads::create_vm(JavaVMInitArgs*, bool*)+0x23e
V  [libjvm.so+0x6c3244]  JNI_CreateJavaVM+0x74
C  [libjli.so+0x745e]  JavaMain+0x9e
C  [libpthread.so.0+0x74a4]  start_thread+0xc4


---------------  P R O C E S S  ---------------

Java Threads: ( => current thread )

Other Threads:

=>0x00007fa72c008800 (exited) JavaThread "Unknown thread" [_thread_in_vm, id=6042, stack(0x00007fa735bc8000,0x00007fa735cc9000)]

VM state:not at safepoint (not fully initialized)

VM Mutex/Monitor currently owned by a thread: None

GC Heap History (0 events):
No events

Deoptimization events (0 events):
No events

Internal exceptions (0 events):
No events

Events (0 events):
No events


Dynamic libraries:
00400000-00401000 r-xp 00000000 08:05 5771954                            /usr/lib/jvm/java-8-jdk/jre/bin/java
00600000-00601000 rw-p 00000000 08:05 5771954                            /usr/lib/jvm/java-8-jdk/jre/bin/java
0165c000-0167d000 rw-p 00000000 00:00 0                                  [heap]
d5580000-eab00000 ---p 00000000 00:00 0 
eab00000-f5580000 rw-p 00000000 00:00 0 
f5580000-100000000 ---p 00000000 00:00 0 
7fa71d000000-7fa71d270000 rwxp 00000000 00:00 0 
7fa71d270000-7fa72c000000 ---p 00000000 00:00 0 
7fa72c000000-7fa72c033000 rw-p 00000000 00:00 0 
7fa72c033000-7fa730000000 ---p 00000000 00:00 0 
7fa732b8c000-7fa732e10000 rw-p 00000000 00:00 0 
7fa732e10000-7fa732f65000 ---p 00000000 00:00 0 
7fa732f65000-7fa732fbb000 rw-p 00000000 00:00 0 
7fa732fbb000-7fa733010000 ---p 00000000 00:00 0 
7fa733010000-7fa73301b000 rw-p 00000000 00:00 0 
7fa73301b000-7fa7333d1000 ---p 00000000 00:00 0 
7fa7333d1000-7fa7333eb000 r-xp 00000000 08:05 5771829                    /usr/lib/jvm/java-8-jdk/jre/lib/amd64/libzip.so
7fa7333eb000-7fa7335eb000 ---p 0001a000 08:05 5771829                    /usr/lib/jvm/java-8-jdk/jre/lib/amd64/libzip.so
7fa7335eb000-7fa7335ec000 rw-p 0001a000 08:05 5771829                    /usr/lib/jvm/java-8-jdk/jre/lib/amd64/libzip.so
7fa7335ec000-7fa7335f7000 r-xp 00000000 08:05 3148486                    /usr/lib/libnss_files-2.22.so
7fa7335f7000-7fa7337f6000 ---p 0000b000 08:05 3148486                    /usr/lib/libnss_files-2.22.so
7fa7337f6000-7fa7337f7000 r--p 0000a000 08:05 3148486                    /usr/lib/libnss_files-2.22.so
7fa7337f7000-7fa7337f8000 rw-p 0000b000 08:05 3148486                    /usr/lib/libnss_files-2.22.so
7fa7337f8000-7fa7337fe000 rw-p 00000000 00:00 0 
7fa7337fe000-7fa733828000 r-xp 00000000 08:05 5771866                    /usr/lib/jvm/java-8-jdk/jre/lib/amd64/libjava.so
7fa733828000-7fa733a28000 ---p 0002a000 08:05 5771866                    /usr/lib/jvm/java-8-jdk/jre/lib/amd64/libjava.so
7fa733a28000-7fa733a2a000 rw-p 0002a000 08:05 5771866                    /usr/lib/jvm/java-8-jdk/jre/lib/amd64/libjava.so
7fa733a2a000-7fa733a37000 r-xp 00000000 08:05 5771840                    /usr/lib/jvm/java-8-jdk/jre/lib/amd64/libverify.so
7fa733a37000-7fa733c37000 ---p 0000d000 08:05 5771840                    /usr/lib/jvm/java-8-jdk/jre/lib/amd64/libverify.so
7fa733c37000-7fa733c39000 rw-p 0000d000 08:05 5771840                    /usr/lib/jvm/java-8-jdk/jre/lib/amd64/libverify.so
7fa733c39000-7fa733c40000 r-xp 00000000 08:05 3148468                    /usr/lib/librt-2.22.so
7fa733c40000-7fa733e3f000 ---p 00007000 08:05 3148468                    /usr/lib/librt-2.22.so
7fa733e3f000-7fa733e40000 r--p 00006000 08:05 3148468                    /usr/lib/librt-2.22.so
7fa733e40000-7fa733e41000 rw-p 00007000 08:05 3148468                    /usr/lib/librt-2.22.so
7fa733e41000-7fa733f3e000 r-xp 00000000 08:05 3148472                    /usr/lib/libm-2.22.so
7fa733f3e000-7fa73413d000 ---p 000fd000 08:05 3148472                    /usr/lib/libm-2.22.so
7fa73413d000-7fa73413e000 r--p 000fc000 08:05 3148472                    /usr/lib/libm-2.22.so
7fa73413e000-7fa73413f000 rw-p 000fd000 08:05 3148472                    /usr/lib/libm-2.22.so
7fa73413f000-7fa734ded000 r-xp 00000000 08:05 5771883                    /usr/lib/jvm/java-8-jdk/jre/lib/amd64/server/libjvm.so
7fa734ded000-7fa734fed000 ---p 00cae000 08:05 5771883                    /usr/lib/jvm/java-8-jdk/jre/lib/amd64/server/libjvm.so
7fa734fed000-7fa7350c4000 rw-p 00cae000 08:05 5771883                    /usr/lib/jvm/java-8-jdk/jre/lib/amd64/server/libjvm.so
7fa7350c4000-7fa735108000 rw-p 00000000 00:00 0 
7fa735108000-7fa7352a3000 r-xp 00000000 08:05 3148479                    /usr/lib/libc-2.22.so
7fa7352a3000-7fa7354a2000 ---p 0019b000 08:05 3148479                    /usr/lib/libc-2.22.so
7fa7354a2000-7fa7354a6000 r--p 0019a000 08:05 3148479                    /usr/lib/libc-2.22.so
7fa7354a6000-7fa7354a8000 rw-p 0019e000 08:05 3148479                    /usr/lib/libc-2.22.so
7fa7354a8000-7fa7354ac000 rw-p 00000000 00:00 0 
7fa7354ac000-7fa7354af000 r-xp 00000000 08:05 3148449                    /usr/lib/libdl-2.22.so
7fa7354af000-7fa7356ae000 ---p 00003000 08:05 3148449                    /usr/lib/libdl-2.22.so
7fa7356ae000-7fa7356af000 r--p 00002000 08:05 3148449                    /usr/lib/libdl-2.22.so
7fa7356af000-7fa7356b0000 rw-p 00003000 08:05 3148449                    /usr/lib/libdl-2.22.so
7fa7356b0000-7fa7356c5000 r-xp 00000000 08:05 5771881                    /usr/lib/jvm/java-8-jdk/jre/lib/amd64/jli/libjli.so
7fa7356c5000-7fa7358c5000 ---p 00015000 08:05 5771881                    /usr/lib/jvm/java-8-jdk/jre/lib/amd64/jli/libjli.so
7fa7358c5000-7fa7358c6000 rw-p 00015000 08:05 5771881                    /usr/lib/jvm/java-8-jdk/jre/lib/amd64/jli/libjli.so
7fa7358c6000-7fa7358de000 r-xp 00000000 08:05 3148485                    /usr/lib/libpthread-2.22.so
7fa7358de000-7fa735add000 ---p 00018000 08:05 3148485                    /usr/lib/libpthread-2.22.so
7fa735add000-7fa735ade000 r--p 00017000 08:05 3148485                    /usr/lib/libpthread-2.22.so
7fa735ade000-7fa735adf000 rw-p 00018000 08:05 3148485                    /usr/lib/libpthread-2.22.so
7fa735adf000-7fa735ae3000 rw-p 00000000 00:00 0 
7fa735ae3000-7fa735b05000 r-xp 00000000 08:05 3148446                    /usr/lib/ld-2.22.so
7fa735bc8000-7fa735bcb000 ---p 00000000 00:00 0 
7fa735bcb000-7fa735ccd000 rw-p 00000000 00:00 0                          [stack:6042]
7fa735cf6000-7fa735cf9000 rw-p 00000000 00:00 0 
7fa735cf9000-7fa735d01000 rw-s 00000000 00:22 551785                     /tmp/hsperfdata_ryogi/6037
7fa735d01000-7fa735d02000 rw-p 00000000 00:00 0 
7fa735d02000-7fa735d03000 r--p 00000000 00:00 0 
7fa735d03000-7fa735d04000 rw-p 00000000 00:00 0 
7fa735d04000-7fa735d05000 r--p 00021000 08:05 3148446                    /usr/lib/ld-2.22.so
7fa735d05000-7fa735d06000 rw-p 00022000 08:05 3148446                    /usr/lib/ld-2.22.so
7fa735d06000-7fa735d07000 rw-p 00000000 00:00 0 
7ffd5d1fe000-7ffd5d21f000 rw-p 00000000 00:00 0                          [stack]
7ffd5d34f000-7ffd5d351000 r--p 00000000 00:00 0                          [vvar]
7ffd5d351000-7ffd5d353000 r-xp 00000000 00:00 0                          [vdso]
ffffffffff600000-ffffffffff601000 r-xp 00000000 00:00 0                  [vsyscall]

VM Arguments:
jvm_args: -XX:MaxPermSize=256M -Dsbt.log.noformat=true -Xms512M -Xmx1024M -Xss1M -XX:+CMSClassUnloadingEnabled -Dfile.encoding=UTF-8 -Djline.terminal=none 
java_command: xsbt.boot.Boot test:compile
java_class_path (initial): /home/ryogi/.IntelliJIdea14/config/plugins/Scala/launcher/sbt-launch.jar
Launcher Type: SUN_STANDARD

Environment Variables:
PATH=/home/ryogi/.rvm/gems/ruby-2.2.1/bin:/home/ryogi/.rvm/gems/ruby-2.2.1@global/bin:/home/ryogi/.rvm/rubies/ruby-2.2.1/bin:/usr/local/sbin:/usr/local/bin:/usr/bin:/opt/depot_tools-svn:/usr/lib/jvm/default/bin:/usr/bin/site_perl:/usr/bin/vendor_perl:/usr/bin/core_perl:/home/ryogi/.rvm/bin
LD_LIBRARY_PATH=/home/ryogi/Idea/bin:
SHELL=/bin/zsh
DISPLAY=:0

Signal Handlers:
SIGSEGV: [libjvm.so+0xaad540], sa_mask[0]=11111111011111111101111111111110, sa_flags=SA_RESTART|SA_SIGINFO
SIGBUS: [libjvm.so+0xaad540], sa_mask[0]=11111111011111111101111111111110, sa_flags=SA_RESTART|SA_SIGINFO
SIGFPE: [libjvm.so+0x90b6b0], sa_mask[0]=11111111011111111101111111111110, sa_flags=SA_RESTART|SA_SIGINFO
SIGPIPE: [libjvm.so+0x90b6b0], sa_mask[0]=11111111011111111101111111111110, sa_flags=SA_RESTART|SA_SIGINFO
SIGXFSZ: [libjvm.so+0x90b6b0], sa_mask[0]=11111111011111111101111111111110, sa_flags=SA_RESTART|SA_SIGINFO
SIGILL: [libjvm.so+0x90b6b0], sa_mask[0]=11111111011111111101111111111110, sa_flags=SA_RESTART|SA_SIGINFO
SIGUSR1: SIG_DFL, sa_mask[0]=00000000000000000000000000000000, sa_flags=none
SIGUSR2: [libjvm.so+0x90ccf0], sa_mask[0]=00100000000000000000000000000000, sa_flags=SA_RESTART|SA_SIGINFO
SIGHUP: SIG_DFL, sa_mask[0]=00000000000000000000000000000000, sa_flags=none
SIGINT: SIG_DFL, sa_mask[0]=00000000000000000000000000000000, sa_flags=none
SIGTERM: SIG_DFL, sa_mask[0]=00000000000000000000000000000000, sa_flags=none
SIGQUIT: SIG_DFL, sa_mask[0]=00000000000000000000000000000000, sa_flags=none


---------------  S Y S T E M  ---------------

OS:LSB_VERSION=1.4
DISTRIB_ID=Arch
DISTRIB_RELEASE=rolling
DISTRIB_DESCRIPTION="Arch Linux"

uname:Linux 4.1.5-1-ARCH #1 SMP PREEMPT Tue Aug 11 15:41:14 CEST 2015 x86_64
libc:glibc 2.22 NPTL 2.22 
rlimit: STACK 8192k, CORE 0k, NPROC 23492, NOFILE 4096, AS infinity
load average:3.33 3.55 2.81

/proc/meminfo:
MemTotal:        6019388 kB
MemFree:           54984 kB
MemAvailable:     347892 kB
Buffers:           11384 kB
Cached:           947520 kB
SwapCached:            0 kB
Active:          5292008 kB
Inactive:         414220 kB
Active(anon):    5154908 kB
Inactive(anon):   284376 kB
Active(file):     137100 kB
Inactive(file):   129844 kB
Unevictable:       17084 kB
Mlocked:           17084 kB
SwapTotal:             0 kB
SwapFree:              0 kB
Dirty:             25104 kB
Writeback:             0 kB
AnonPages:       4765408 kB
Mapped:           328520 kB
Shmem:            683788 kB
Slab:             106016 kB
SReclaimable:      62420 kB
SUnreclaim:        43596 kB
KernelStack:       12848 kB
PageTables:        50064 kB
NFS_Unstable:          0 kB
Bounce:                0 kB
WritebackTmp:          0 kB
CommitLimit:     3009692 kB
Committed_AS:   10632916 kB
VmallocTotal:   34359738367 kB
VmallocUsed:      379084 kB
VmallocChunk:   34358947836 kB
HardwareCorrupted:     0 kB
AnonHugePages:    888832 kB
HugePages_Total:       0
HugePages_Free:        0
HugePages_Rsvd:        0
HugePages_Surp:        0
Hugepagesize:       2048 kB
DirectMap4k:      219584 kB
DirectMap2M:     5976064 kB


CPU:total 8 (4 cores per cpu, 2 threads per core) family 6 model 42 stepping 7, cmov, cx8, fxsr, mmx, sse, sse2, sse3, ssse3, sse4.1, sse4.2, popcnt, avx, aes, clmul, ht, tsc, tscinvbit

/proc/cpuinfo:
processor	: 0
vendor_id	: GenuineIntel
cpu family	: 6
model		: 42
model name	: Intel(R) Core(TM) i7-2670QM CPU @ 2.20GHz
stepping	: 7
microcode	: 0x1b
cpu MHz		: 2040.414
cache size	: 6144 KB
physical id	: 0
siblings	: 8
core id		: 0
cpu cores	: 4
apicid		: 0
initial apicid	: 0
fpu		: yes
fpu_exception	: yes
cpuid level	: 13
wp		: yes
flags		: fpu vme de pse tsc msr pae mce cx8 apic sep mtrr pge mca cmov pat pse36 clflush dts acpi mmx fxsr sse sse2 ss ht tm pbe syscall nx rdtscp lm constant_tsc arch_perfmon pebs bts rep_good nopl xtopology nonstop_tsc aperfmperf eagerfpu pni pclmulqdq dtes64 monitor ds_cpl vmx est tm2 ssse3 cx16 xtpr pdcm pcid sse4_1 sse4_2 x2apic popcnt tsc_deadline_timer aes xsave avx lahf_lm arat epb pln pts dtherm tpr_shadow vnmi flexpriority ept vpid xsaveopt
bugs		:
bogomips	: 4391.99
clflush size	: 64
cache_alignment	: 64
address sizes	: 36 bits physical, 48 bits virtual
power management:

processor	: 1
vendor_id	: GenuineIntel
cpu family	: 6
model		: 42
model name	: Intel(R) Core(TM) i7-2670QM CPU @ 2.20GHz
stepping	: 7
microcode	: 0x1b
cpu MHz		: 1934.367
cache size	: 6144 KB
physical id	: 0
siblings	: 8
core id		: 1
cpu cores	: 4
apicid		: 2
initial apicid	: 2
fpu		: yes
fpu_exception	: yes
cpuid level	: 13
wp		: yes
flags		: fpu vme de pse tsc msr pae mce cx8 apic sep mtrr pge mca cmov pat pse36 clflush dts acpi mmx fxsr sse sse2 ss ht tm pbe syscall nx rdtscp lm constant_tsc arch_perfmon pebs bts rep_good nopl xtopology nonstop_tsc aperfmperf eagerfpu pni pclmulqdq dtes64 monitor ds_cpl vmx est tm2 ssse3 cx16 xtpr pdcm pcid sse4_1 sse4_2 x2apic popcnt tsc_deadline_timer aes xsave avx lahf_lm arat epb pln pts dtherm tpr_shadow vnmi flexpriority ept vpid xsaveopt
bugs		:
bogomips	: 4391.99
clflush size	: 64
cache_alignment	: 64
address sizes	: 36 bits physical, 48 bits virtual
power management:

processor	: 2
vendor_id	: GenuineIntel
cpu family	: 6
model		: 42
model name	: Intel(R) Core(TM) i7-2670QM CPU @ 2.20GHz
stepping	: 7
microcode	: 0x1b
cpu MHz		: 1770.398
cache size	: 6144 KB
physical id	: 0
siblings	: 8
core id		: 2
cpu cores	: 4
apicid		: 4
initial apicid	: 4
fpu		: yes
fpu_exception	: yes
cpuid level	: 13
wp		: yes
flags		: fpu vme de pse tsc msr pae mce cx8 apic sep mtrr pge mca cmov pat pse36 clflush dts acpi mmx fxsr sse sse2 ss ht tm pbe syscall nx rdtscp lm constant_tsc arch_perfmon pebs bts rep_good nopl xtopology nonstop_tsc aperfmperf eagerfpu pni pclmulqdq dtes64 monitor ds_cpl vmx est tm2 ssse3 cx16 xtpr pdcm pcid sse4_1 sse4_2 x2apic popcnt tsc_deadline_timer aes xsave avx lahf_lm arat epb pln pts dtherm tpr_shadow vnmi flexpriority ept vpid xsaveopt
bugs		:
bogomips	: 4391.99
clflush size	: 64
cache_alignment	: 64
address sizes	: 36 bits physical, 48 bits virtual
power management:

processor	: 3
vendor_id	: GenuineIntel
cpu family	: 6
model		: 42
model name	: Intel(R) Core(TM) i7-2670QM CPU @ 2.20GHz
stepping	: 7
microcode	: 0x1b
cpu MHz		: 2138.468
cache size	: 6144 KB
physical id	: 0
siblings	: 8
core id		: 3
cpu cores	: 4
apicid		: 6
initial apicid	: 6
fpu		: yes
fpu_exception	: yes
cpuid level	: 13
wp		: yes
flags		: fpu vme de pse tsc msr pae mce cx8 apic sep mtrr pge mca cmov pat pse36 clflush dts acpi mmx fxsr sse sse2 ss ht tm pbe syscall nx rdtscp lm constant_tsc arch_perfmon pebs bts rep_good nopl xtopology nonstop_tsc aperfmperf eagerfpu pni pclmulqdq dtes64 monitor ds_cpl vmx est tm2 ssse3 cx16 xtpr pdcm pcid sse4_1 sse4_2 x2apic popcnt tsc_deadline_timer aes xsave avx lahf_lm arat epb pln pts dtherm tpr_shadow vnmi flexpriority ept vpid xsaveopt
bugs		:
bogomips	: 4391.99
clflush size	: 64
cache_alignment	: 64
address sizes	: 36 bits physical, 48 bits virtual
power management:

processor	: 4
vendor_id	: GenuineIntel
cpu family	: 6
model		: 42
model name	: Intel(R) Core(TM) i7-2670QM CPU @ 2.20GHz
stepping	: 7
microcode	: 0x1b
cpu MHz		: 2125.148
cache size	: 6144 KB
physical id	: 0
siblings	: 8
core id		: 0
cpu cores	: 4
apicid		: 1
initial apicid	: 1
fpu		: yes
fpu_exception	: yes
cpuid level	: 13
wp		: yes
flags		: fpu vme de pse tsc msr pae mce cx8 apic sep mtrr pge mca cmov pat pse36 clflush dts acpi mmx fxsr sse sse2 ss ht tm pbe syscall nx rdtscp lm constant_tsc arch_perfmon pebs bts rep_good nopl xtopology nonstop_tsc aperfmperf eagerfpu pni pclmulqdq dtes64 monitor ds_cpl vmx est tm2 ssse3 cx16 xtpr pdcm pcid sse4_1 sse4_2 x2apic popcnt tsc_deadline_timer aes xsave avx lahf_lm arat epb pln pts dtherm tpr_shadow vnmi flexpriority ept vpid xsaveopt
bugs		:
bogomips	: 4391.99
clflush size	: 64
cache_alignment	: 64
address sizes	: 36 bits physical, 48 bits virtual
power management:

processor	: 5
vendor_id	: GenuineIntel
cpu family	: 6
model		: 42
model name	: Intel(R) Core(TM) i7-2670QM CPU @ 2.20GHz
stepping	: 7
microcode	: 0x1b
cpu MHz		: 2196.390
cache size	: 6144 KB
physical id	: 0
siblings	: 8
core id		: 1
cpu cores	: 4
apicid		: 3
initial apicid	: 3
fpu		: yes
fpu_exception	: yes
cpuid level	: 13
wp		: yes
flags		: fpu vme de pse tsc msr pae mce cx8 apic sep mtrr pge mca cmov pat pse36 clflush dts acpi mmx fxsr sse sse2 ss ht tm pbe syscall nx rdtscp lm constant_tsc arch_perfmon pebs bts rep_good nopl xtopology nonstop_tsc aperfmperf eagerfpu pni pclmulqdq dtes64 monitor ds_cpl vmx est tm2 ssse3 cx16 xtpr pdcm pcid sse4_1 sse4_2 x2apic popcnt tsc_deadline_timer aes xsave avx lahf_lm arat epb pln pts dtherm tpr_shadow vnmi flexpriority ept vpid xsaveopt
bugs		:
bogomips	: 4391.99
clflush size	: 64
cache_alignment	: 64
address sizes	: 36 bits physical, 48 bits virtual
power management:

processor	: 6
vendor_id	: GenuineIntel
cpu family	: 6
model		: 42
model name	: Intel(R) Core(TM) i7-2670QM CPU @ 2.20GHz
stepping	: 7
microcode	: 0x1b
cpu MHz		: 2197.765
cache size	: 6144 KB
physical id	: 0
siblings	: 8
core id		: 2
cpu cores	: 4
apicid		: 5
initial apicid	: 5
fpu		: yes
fpu_exception	: yes
cpuid level	: 13
wp		: yes
flags		: fpu vme de pse tsc msr pae mce cx8 apic sep mtrr pge mca cmov pat pse36 clflush dts acpi mmx fxsr sse sse2 ss ht tm pbe syscall nx rdtscp lm constant_tsc arch_perfmon pebs bts rep_good nopl xtopology nonstop_tsc aperfmperf eagerfpu pni pclmulqdq dtes64 monitor ds_cpl vmx est tm2 ssse3 cx16 xtpr pdcm pcid sse4_1 sse4_2 x2apic popcnt tsc_deadline_timer aes xsave avx lahf_lm arat epb pln pts dtherm tpr_shadow vnmi flexpriority ept vpid xsaveopt
bugs		:
bogomips	: 4391.99
clflush size	: 64
cache_alignment	: 64
address sizes	: 36 bits physical, 48 bits virtual
power management:

processor	: 7
vendor_id	: GenuineIntel
cpu family	: 6
model		: 42
model name	: Intel(R) Core(TM) i7-2670QM CPU @ 2.20GHz
stepping	: 7
microcode	: 0x1b
cpu MHz		: 1992.375
cache size	: 6144 KB
physical id	: 0
siblings	: 8
core id		: 3
cpu cores	: 4
apicid		: 7
initial apicid	: 7
fpu		: yes
fpu_exception	: yes
cpuid level	: 13
wp		: yes
flags		: fpu vme de pse tsc msr pae mce cx8 apic sep mtrr pge mca cmov pat pse36 clflush dts acpi mmx fxsr sse sse2 ss ht tm pbe syscall nx rdtscp lm constant_tsc arch_perfmon pebs bts rep_good nopl xtopology nonstop_tsc aperfmperf eagerfpu pni pclmulqdq dtes64 monitor ds_cpl vmx est tm2 ssse3 cx16 xtpr pdcm pcid sse4_1 sse4_2 x2apic popcnt tsc_deadline_timer aes xsave avx lahf_lm arat epb pln pts dtherm tpr_shadow vnmi flexpriority ept vpid xsaveopt
bugs		:
bogomips	: 4391.99
clflush size	: 64
cache_alignment	: 64
address sizes	: 36 bits physical, 48 bits virtual
power management:



Memory: 4k page, physical 6019388k(54984k free), swap 0k(0k free)

vm_info: Java HotSpot(TM) 64-Bit Server VM (25.51-b03) for linux-amd64 JRE (1.8.0_51-b16), built on Jun  8 2015 19:28:07 by "java_re" with gcc 4.3.0 20080428 (Red Hat 4.3.0-8)

time: Wed Aug 19 22:30:22 2015
elapsed time: 0 seconds (0d 0h 0m 0s)

