#
# There is insufficient memory for the Java Runtime Environment to continue.
# Native memory allocation (mmap) failed to map 358088704 bytes for committing reserved memory.
# Possible reasons:
#   The system is out of physical RAM or swap space
#   In 32 bit mode, the process size limit was hit
# Possible solutions:
#   Reduce memory load on the system
#   Increase physical memory or swap space
#   Check if swap backing store is full
#   Use 64 bit Java on a 64 bit OS
#   Decrease Java heap size (-Xmx/-Xms)
#   Decrease number of Java threads
#   Decrease Java thread stack sizes (-Xss)
#   Set larger code cache with -XX:ReservedCodeCacheSize=
# This output file may be truncated or incomplete.
#
#  Out of Memory Error (os_linux.cpp:2673), pid=6043, tid=140019278640896
#
# JRE version:  (8.0_51-b16) (build )
# Java VM: Java HotSpot(TM) 64-Bit Server VM (25.51-b03 mixed mode linux-amd64 compressed oops)
# Failed to write core dump. Core dumps have been disabled. To enable core dumping, try "ulimit -c unlimited" before starting Java again
#

---------------  T H R E A D  ---------------

Current thread (0x00007f58c0008800):  JavaThread "Unknown thread" [_thread_in_vm, id=6047, stack(0x00007f58c74d7000,0x00007f58c75d8000)]

Stack: [0x00007f58c74d7000,0x00007f58c75d8000],  sp=0x00007f58c75d63b0,  free space=1020k
Native frames: (J=compiled Java code, j=interpreted, Vv=VM code, C=native code)
V  [libjvm.so+0xaaccfa]  VMError::report_and_die()+0x2ba
V  [libjvm.so+0x4f333b]  report_vm_out_of_memory(char const*, int, unsigned long, VMErrorType, char const*)+0x8b
V  [libjvm.so+0x90ea23]  os::Linux::commit_memory_impl(char*, unsigned long, bool)+0x103
V  [libjvm.so+0x90ef79]  os::pd_commit_memory(char*, unsigned long, unsigned long, bool)+0x29
V  [libjvm.so+0x9088da]  os::commit_memory(char*, unsigned long, unsigned long, bool)+0x2a
V  [libjvm.so+0x97bd23]  PSVirtualSpace::expand_by(unsigned long)+0x53
V  [libjvm.so+0x96bdd7]  PSOldGen::initialize(ReservedSpace, unsigned long, char const*, int)+0xb7
V  [libjvm.so+0x2d4cda]  AdjoiningGenerations::AdjoiningGenerations(ReservedSpace, GenerationSizer*, unsigned long)+0x39a
V  [libjvm.so+0x931976]  ParallelScavengeHeap::initialize()+0x1d6
V  [libjvm.so+0xa75e0b]  Universe::initialize_heap()+0xfb
V  [libjvm.so+0xa7617e]  universe_init()+0x3e
V  [libjvm.so+0x62f635]  init_globals()+0x65
V  [libjvm.so+0xa5a38e]  Threads::create_vm(JavaVMInitArgs*, bool*)+0x23e
V  [libjvm.so+0x6c3244]  JNI_CreateJavaVM+0x74
C  [libjli.so+0x745e]  JavaMain+0x9e
C  [libpthread.so.0+0x74a4]  start_thread+0xc4


---------------  P R O C E S S  ---------------

Java Threads: ( => current thread )

Other Threads:

=>0x00007f58c0008800 (exited) JavaThread "Unknown thread" [_thread_in_vm, id=6047, stack(0x00007f58c74d7000,0x00007f58c75d8000)]

VM state:not at safepoint (not fully initialized)

VM Mutex/Monitor currently owned by a thread: None

GC Heap History (0 events):
No events

Deoptimization events (0 events):
No events

Internal exceptions (0 events):
No events

Events (0 events):
No events


Dynamic libraries:
00400000-00401000 r-xp 00000000 08:05 5771954                            /usr/lib/jvm/java-8-jdk/jre/bin/java
00600000-00601000 rw-p 00000000 08:05 5771954                            /usr/lib/jvm/java-8-jdk/jre/bin/java
00da7000-00dc8000 rw-p 00000000 00:00 0                                  [heap]
d5580000-eab00000 ---p 00000000 00:00 0 
eab00000-f5580000 rw-p 00000000 00:00 0 
f5580000-100000000 ---p 00000000 00:00 0 
7f58b1000000-7f58b1270000 rwxp 00000000 00:00 0 
7f58b1270000-7f58c0000000 ---p 00000000 00:00 0 
7f58c0000000-7f58c0033000 rw-p 00000000 00:00 0 
7f58c0033000-7f58c4000000 ---p 00000000 00:00 0 
7f58c449b000-7f58c471f000 rw-p 00000000 00:00 0 
7f58c471f000-7f58c4874000 ---p 00000000 00:00 0 
7f58c4874000-7f58c48ca000 rw-p 00000000 00:00 0 
7f58c48ca000-7f58c491f000 ---p 00000000 00:00 0 
7f58c491f000-7f58c492a000 rw-p 00000000 00:00 0 
7f58c492a000-7f58c4ce0000 ---p 00000000 00:00 0 
7f58c4ce0000-7f58c4cfa000 r-xp 00000000 08:05 5771829                    /usr/lib/jvm/java-8-jdk/jre/lib/amd64/libzip.so
7f58c4cfa000-7f58c4efa000 ---p 0001a000 08:05 5771829                    /usr/lib/jvm/java-8-jdk/jre/lib/amd64/libzip.so
7f58c4efa000-7f58c4efb000 rw-p 0001a000 08:05 5771829                    /usr/lib/jvm/java-8-jdk/jre/lib/amd64/libzip.so
7f58c4efb000-7f58c4f06000 r-xp 00000000 08:05 3148486                    /usr/lib/libnss_files-2.22.so
7f58c4f06000-7f58c5105000 ---p 0000b000 08:05 3148486                    /usr/lib/libnss_files-2.22.so
7f58c5105000-7f58c5106000 r--p 0000a000 08:05 3148486                    /usr/lib/libnss_files-2.22.so
7f58c5106000-7f58c5107000 rw-p 0000b000 08:05 3148486                    /usr/lib/libnss_files-2.22.so
7f58c5107000-7f58c510d000 rw-p 00000000 00:00 0 
7f58c510d000-7f58c5137000 r-xp 00000000 08:05 5771866                    /usr/lib/jvm/java-8-jdk/jre/lib/amd64/libjava.so
7f58c5137000-7f58c5337000 ---p 0002a000 08:05 5771866                    /usr/lib/jvm/java-8-jdk/jre/lib/amd64/libjava.so
7f58c5337000-7f58c5339000 rw-p 0002a000 08:05 5771866                    /usr/lib/jvm/java-8-jdk/jre/lib/amd64/libjava.so
7f58c5339000-7f58c5346000 r-xp 00000000 08:05 5771840                    /usr/lib/jvm/java-8-jdk/jre/lib/amd64/libverify.so
7f58c5346000-7f58c5546000 ---p 0000d000 08:05 5771840                    /usr/lib/jvm/java-8-jdk/jre/lib/amd64/libverify.so
7f58c5546000-7f58c5548000 rw-p 0000d000 08:05 5771840                    /usr/lib/jvm/java-8-jdk/jre/lib/amd64/libverify.so
7f58c5548000-7f58c554f000 r-xp 00000000 08:05 3148468                    /usr/lib/librt-2.22.so
7f58c554f000-7f58c574e000 ---p 00007000 08:05 3148468                    /usr/lib/librt-2.22.so
7f58c574e000-7f58c574f000 r--p 00006000 08:05 3148468                    /usr/lib/librt-2.22.so
7f58c574f000-7f58c5750000 rw-p 00007000 08:05 3148468                    /usr/lib/librt-2.22.so
7f58c5750000-7f58c584d000 r-xp 00000000 08:05 3148472                    /usr/lib/libm-2.22.so
7f58c584d000-7f58c5a4c000 ---p 000fd000 08:05 3148472                    /usr/lib/libm-2.22.so
7f58c5a4c000-7f58c5a4d000 r--p 000fc000 08:05 3148472                    /usr/lib/libm-2.22.so
7f58c5a4d000-7f58c5a4e000 rw-p 000fd000 08:05 3148472                    /usr/lib/libm-2.22.so
7f58c5a4e000-7f58c66fc000 r-xp 00000000 08:05 5771883                    /usr/lib/jvm/java-8-jdk/jre/lib/amd64/server/libjvm.so
7f58c66fc000-7f58c68fc000 ---p 00cae000 08:05 5771883                    /usr/lib/jvm/java-8-jdk/jre/lib/amd64/server/libjvm.so
7f58c68fc000-7f58c69d3000 rw-p 00cae000 08:05 5771883                    /usr/lib/jvm/java-8-jdk/jre/lib/amd64/server/libjvm.so
7f58c69d3000-7f58c6a17000 rw-p 00000000 00:00 0 
7f58c6a17000-7f58c6bb2000 r-xp 00000000 08:05 3148479                    /usr/lib/libc-2.22.so
7f58c6bb2000-7f58c6db1000 ---p 0019b000 08:05 3148479                    /usr/lib/libc-2.22.so
7f58c6db1000-7f58c6db5000 r--p 0019a000 08:05 3148479                    /usr/lib/libc-2.22.so
7f58c6db5000-7f58c6db7000 rw-p 0019e000 08:05 3148479                    /usr/lib/libc-2.22.so
7f58c6db7000-7f58c6dbb000 rw-p 00000000 00:00 0 
7f58c6dbb000-7f58c6dbe000 r-xp 00000000 08:05 3148449                    /usr/lib/libdl-2.22.so
7f58c6dbe000-7f58c6fbd000 ---p 00003000 08:05 3148449                    /usr/lib/libdl-2.22.so
7f58c6fbd000-7f58c6fbe000 r--p 00002000 08:05 3148449                    /usr/lib/libdl-2.22.so
7f58c6fbe000-7f58c6fbf000 rw-p 00003000 08:05 3148449                    /usr/lib/libdl-2.22.so
7f58c6fbf000-7f58c6fd4000 r-xp 00000000 08:05 5771881                    /usr/lib/jvm/java-8-jdk/jre/lib/amd64/jli/libjli.so
7f58c6fd4000-7f58c71d4000 ---p 00015000 08:05 5771881                    /usr/lib/jvm/java-8-jdk/jre/lib/amd64/jli/libjli.so
7f58c71d4000-7f58c71d5000 rw-p 00015000 08:05 5771881                    /usr/lib/jvm/java-8-jdk/jre/lib/amd64/jli/libjli.so
7f58c71d5000-7f58c71ed000 r-xp 00000000 08:05 3148485                    /usr/lib/libpthread-2.22.so
7f58c71ed000-7f58c73ec000 ---p 00018000 08:05 3148485                    /usr/lib/libpthread-2.22.so
7f58c73ec000-7f58c73ed000 r--p 00017000 08:05 3148485                    /usr/lib/libpthread-2.22.so
7f58c73ed000-7f58c73ee000 rw-p 00018000 08:05 3148485                    /usr/lib/libpthread-2.22.so
7f58c73ee000-7f58c73f2000 rw-p 00000000 00:00 0 
7f58c73f2000-7f58c7414000 r-xp 00000000 08:05 3148446                    /usr/lib/ld-2.22.so
7f58c74d7000-7f58c74da000 ---p 00000000 00:00 0 
7f58c74da000-7f58c75dc000 rw-p 00000000 00:00 0                          [stack:6047]
7f58c7605000-7f58c7608000 rw-p 00000000 00:00 0 
7f58c7608000-7f58c7610000 rw-s 00000000 00:22 552293                     /tmp/hsperfdata_ryogi/6043
7f58c7610000-7f58c7611000 rw-p 00000000 00:00 0 
7f58c7611000-7f58c7612000 r--p 00000000 00:00 0 
7f58c7612000-7f58c7613000 rw-p 00000000 00:00 0 
7f58c7613000-7f58c7614000 r--p 00021000 08:05 3148446                    /usr/lib/ld-2.22.so
7f58c7614000-7f58c7615000 rw-p 00022000 08:05 3148446                    /usr/lib/ld-2.22.so
7f58c7615000-7f58c7616000 rw-p 00000000 00:00 0 
7ffde801f000-7ffde8040000 rw-p 00000000 00:00 0                          [stack]
7ffde8110000-7ffde8112000 r--p 00000000 00:00 0                          [vvar]
7ffde8112000-7ffde8114000 r-xp 00000000 00:00 0                          [vdso]
ffffffffff600000-ffffffffff601000 r-xp 00000000 00:00 0                  [vsyscall]

VM Arguments:
jvm_args: -XX:MaxPermSize=256M -Dsbt.log.noformat=true -Xms512M -Xmx1024M -Xss1M -XX:+CMSClassUnloadingEnabled -Dfile.encoding=UTF-8 -Djline.terminal=none 
java_command: xsbt.boot.Boot test:compile
java_class_path (initial): /home/ryogi/.IntelliJIdea14/config/plugins/Scala/launcher/sbt-launch.jar
Launcher Type: SUN_STANDARD

Environment Variables:
PATH=/home/ryogi/.rvm/gems/ruby-2.2.1/bin:/home/ryogi/.rvm/gems/ruby-2.2.1@global/bin:/home/ryogi/.rvm/rubies/ruby-2.2.1/bin:/usr/local/sbin:/usr/local/bin:/usr/bin:/opt/depot_tools-svn:/usr/lib/jvm/default/bin:/usr/bin/site_perl:/usr/bin/vendor_perl:/usr/bin/core_perl:/home/ryogi/.rvm/bin
LD_LIBRARY_PATH=/home/ryogi/Idea/bin:
SHELL=/bin/zsh
DISPLAY=:0

Signal Handlers:
SIGSEGV: [libjvm.so+0xaad540], sa_mask[0]=11111111011111111101111111111110, sa_flags=SA_RESTART|SA_SIGINFO
SIGBUS: [libjvm.so+0xaad540], sa_mask[0]=11111111011111111101111111111110, sa_flags=SA_RESTART|SA_SIGINFO
SIGFPE: [libjvm.so+0x90b6b0], sa_mask[0]=11111111011111111101111111111110, sa_flags=SA_RESTART|SA_SIGINFO
SIGPIPE: [libjvm.so+0x90b6b0], sa_mask[0]=11111111011111111101111111111110, sa_flags=SA_RESTART|SA_SIGINFO
SIGXFSZ: [libjvm.so+0x90b6b0], sa_mask[0]=11111111011111111101111111111110, sa_flags=SA_RESTART|SA_SIGINFO
SIGILL: [libjvm.so+0x90b6b0], sa_mask[0]=11111111011111111101111111111110, sa_flags=SA_RESTART|SA_SIGINFO
SIGUSR1: SIG_DFL, sa_mask[0]=00000000000000000000000000000000, sa_flags=none
SIGUSR2: [libjvm.so+0x90ccf0], sa_mask[0]=00100000000000000000000000000000, sa_flags=SA_RESTART|SA_SIGINFO
SIGHUP: SIG_DFL, sa_mask[0]=00000000000000000000000000000000, sa_flags=none
SIGINT: SIG_DFL, sa_mask[0]=00000000000000000000000000000000, sa_flags=none
SIGTERM: SIG_DFL, sa_mask[0]=00000000000000000000000000000000, sa_flags=none
SIGQUIT: SIG_DFL, sa_mask[0]=00000000000000000000000000000000, sa_flags=none


---------------  S Y S T E M  ---------------

OS:LSB_VERSION=1.4
DISTRIB_ID=Arch
DISTRIB_RELEASE=rolling
DISTRIB_DESCRIPTION="Arch Linux"

uname:Linux 4.1.5-1-ARCH #1 SMP PREEMPT Tue Aug 11 15:41:14 CEST 2015 x86_64
libc:glibc 2.22 NPTL 2.22 
rlimit: STACK 8192k, CORE 0k, NPROC 23492, NOFILE 4096, AS infinity
load average:3.33 3.55 2.81

/proc/meminfo:
MemTotal:        6019388 kB
MemFree:           54232 kB
MemAvailable:     347532 kB
Buffers:           11452 kB
Cached:           947744 kB
SwapCached:            0 kB
Active:          5295732 kB
Inactive:         411476 kB
Active(anon):    5155496 kB
Inactive(anon):   284376 kB
Active(file):     140236 kB
Inactive(file):   127100 kB
Unevictable:       17084 kB
Mlocked:           17084 kB
SwapTotal:             0 kB
SwapFree:              0 kB
Dirty:             25104 kB
Writeback:             0 kB
AnonPages:       4765996 kB
Mapped:           328520 kB
Shmem:            683788 kB
Slab:             106016 kB
SReclaimable:      62420 kB
SUnreclaim:        43596 kB
KernelStack:       12848 kB
PageTables:        50064 kB
NFS_Unstable:          0 kB
Bounce:                0 kB
WritebackTmp:          0 kB
CommitLimit:     3009692 kB
Committed_AS:   10632912 kB
VmallocTotal:   34359738367 kB
VmallocUsed:      379084 kB
VmallocChunk:   34358947836 kB
HardwareCorrupted:     0 kB
AnonHugePages:    888832 kB
HugePages_Total:       0
HugePages_Free:        0
HugePages_Rsvd:        0
HugePages_Surp:        0
Hugepagesize:       2048 kB
DirectMap4k:      219584 kB
DirectMap2M:     5976064 kB


CPU:total 8 (4 cores per cpu, 2 threads per core) family 6 model 42 stepping 7, cmov, cx8, fxsr, mmx, sse, sse2, sse3, ssse3, sse4.1, sse4.2, popcnt, avx, aes, clmul, ht, tsc, tscinvbit

/proc/cpuinfo:
processor	: 0
vendor_id	: GenuineIntel
cpu family	: 6
model		: 42
model name	: Intel(R) Core(TM) i7-2670QM CPU @ 2.20GHz
stepping	: 7
microcode	: 0x1b
cpu MHz		: 2168.890
cache size	: 6144 KB
physical id	: 0
siblings	: 8
core id		: 0
cpu cores	: 4
apicid		: 0
initial apicid	: 0
fpu		: yes
fpu_exception	: yes
cpuid level	: 13
wp		: yes
flags		: fpu vme de pse tsc msr pae mce cx8 apic sep mtrr pge mca cmov pat pse36 clflush dts acpi mmx fxsr sse sse2 ss ht tm pbe syscall nx rdtscp lm constant_tsc arch_perfmon pebs bts rep_good nopl xtopology nonstop_tsc aperfmperf eagerfpu pni pclmulqdq dtes64 monitor ds_cpl vmx est tm2 ssse3 cx16 xtpr pdcm pcid sse4_1 sse4_2 x2apic popcnt tsc_deadline_timer aes xsave avx lahf_lm arat epb pln pts dtherm tpr_shadow vnmi flexpriority ept vpid xsaveopt
bugs		:
bogomips	: 4391.99
clflush size	: 64
cache_alignment	: 64
address sizes	: 36 bits physical, 48 bits virtual
power management:

processor	: 1
vendor_id	: GenuineIntel
cpu family	: 6
model		: 42
model name	: Intel(R) Core(TM) i7-2670QM CPU @ 2.20GHz
stepping	: 7
microcode	: 0x1b
cpu MHz		: 1954.476
cache size	: 6144 KB
physical id	: 0
siblings	: 8
core id		: 1
cpu cores	: 4
apicid		: 2
initial apicid	: 2
fpu		: yes
fpu_exception	: yes
cpuid level	: 13
wp		: yes
flags		: fpu vme de pse tsc msr pae mce cx8 apic sep mtrr pge mca cmov pat pse36 clflush dts acpi mmx fxsr sse sse2 ss ht tm pbe syscall nx rdtscp lm constant_tsc arch_perfmon pebs bts rep_good nopl xtopology nonstop_tsc aperfmperf eagerfpu pni pclmulqdq dtes64 monitor ds_cpl vmx est tm2 ssse3 cx16 xtpr pdcm pcid sse4_1 sse4_2 x2apic popcnt tsc_deadline_timer aes xsave avx lahf_lm arat epb pln pts dtherm tpr_shadow vnmi flexpriority ept vpid xsaveopt
bugs		:
bogomips	: 4391.99
clflush size	: 64
cache_alignment	: 64
address sizes	: 36 bits physical, 48 bits virtual
power management:

processor	: 2
vendor_id	: GenuineIntel
cpu family	: 6
model		: 42
model name	: Intel(R) Core(TM) i7-2670QM CPU @ 2.20GHz
stepping	: 7
microcode	: 0x1b
cpu MHz		: 1773.406
cache size	: 6144 KB
physical id	: 0
siblings	: 8
core id		: 2
cpu cores	: 4
apicid		: 4
initial apicid	: 4
fpu		: yes
fpu_exception	: yes
cpuid level	: 13
wp		: yes
flags		: fpu vme de pse tsc msr pae mce cx8 apic sep mtrr pge mca cmov pat pse36 clflush dts acpi mmx fxsr sse sse2 ss ht tm pbe syscall nx rdtscp lm constant_tsc arch_perfmon pebs bts rep_good nopl xtopology nonstop_tsc aperfmperf eagerfpu pni pclmulqdq dtes64 monitor ds_cpl vmx est tm2 ssse3 cx16 xtpr pdcm pcid sse4_1 sse4_2 x2apic popcnt tsc_deadline_timer aes xsave avx lahf_lm arat epb pln pts dtherm tpr_shadow vnmi flexpriority ept vpid xsaveopt
bugs		:
bogomips	: 4391.99
clflush size	: 64
cache_alignment	: 64
address sizes	: 36 bits physical, 48 bits virtual
power management:

processor	: 3
vendor_id	: GenuineIntel
cpu family	: 6
model		: 42
model name	: Intel(R) Core(TM) i7-2670QM CPU @ 2.20GHz
stepping	: 7
microcode	: 0x1b
cpu MHz		: 2207.218
cache size	: 6144 KB
physical id	: 0
siblings	: 8
core id		: 3
cpu cores	: 4
apicid		: 6
initial apicid	: 6
fpu		: yes
fpu_exception	: yes
cpuid level	: 13
wp		: yes
flags		: fpu vme de pse tsc msr pae mce cx8 apic sep mtrr pge mca cmov pat pse36 clflush dts acpi mmx fxsr sse sse2 ss ht tm pbe syscall nx rdtscp lm constant_tsc arch_perfmon pebs bts rep_good nopl xtopology nonstop_tsc aperfmperf eagerfpu pni pclmulqdq dtes64 monitor ds_cpl vmx est tm2 ssse3 cx16 xtpr pdcm pcid sse4_1 sse4_2 x2apic popcnt tsc_deadline_timer aes xsave avx lahf_lm arat epb pln pts dtherm tpr_shadow vnmi flexpriority ept vpid xsaveopt
bugs		:
bogomips	: 4391.99
clflush size	: 64
cache_alignment	: 64
address sizes	: 36 bits physical, 48 bits virtual
power management:

processor	: 4
vendor_id	: GenuineIntel
cpu family	: 6
model		: 42
model name	: Intel(R) Core(TM) i7-2670QM CPU @ 2.20GHz
stepping	: 7
microcode	: 0x1b
cpu MHz		: 2251.218
cache size	: 6144 KB
physical id	: 0
siblings	: 8
core id		: 0
cpu cores	: 4
apicid		: 1
initial apicid	: 1
fpu		: yes
fpu_exception	: yes
cpuid level	: 13
wp		: yes
flags		: fpu vme de pse tsc msr pae mce cx8 apic sep mtrr pge mca cmov pat pse36 clflush dts acpi mmx fxsr sse sse2 ss ht tm pbe syscall nx rdtscp lm constant_tsc arch_perfmon pebs bts rep_good nopl xtopology nonstop_tsc aperfmperf eagerfpu pni pclmulqdq dtes64 monitor ds_cpl vmx est tm2 ssse3 cx16 xtpr pdcm pcid sse4_1 sse4_2 x2apic popcnt tsc_deadline_timer aes xsave avx lahf_lm arat epb pln pts dtherm tpr_shadow vnmi flexpriority ept vpid xsaveopt
bugs		:
bogomips	: 4391.99
clflush size	: 64
cache_alignment	: 64
address sizes	: 36 bits physical, 48 bits virtual
power management:

processor	: 5
vendor_id	: GenuineIntel
cpu family	: 6
model		: 42
model name	: Intel(R) Core(TM) i7-2670QM CPU @ 2.20GHz
stepping	: 7
microcode	: 0x1b
cpu MHz		: 2110.882
cache size	: 6144 KB
physical id	: 0
siblings	: 8
core id		: 1
cpu cores	: 4
apicid		: 3
initial apicid	: 3
fpu		: yes
fpu_exception	: yes
cpuid level	: 13
wp		: yes
flags		: fpu vme de pse tsc msr pae mce cx8 apic sep mtrr pge mca cmov pat pse36 clflush dts acpi mmx fxsr sse sse2 ss ht tm pbe syscall nx rdtscp lm constant_tsc arch_perfmon pebs bts rep_good nopl xtopology nonstop_tsc aperfmperf eagerfpu pni pclmulqdq dtes64 monitor ds_cpl vmx est tm2 ssse3 cx16 xtpr pdcm pcid sse4_1 sse4_2 x2apic popcnt tsc_deadline_timer aes xsave avx lahf_lm arat epb pln pts dtherm tpr_shadow vnmi flexpriority ept vpid xsaveopt
bugs		:
bogomips	: 4391.99
clflush size	: 64
cache_alignment	: 64
address sizes	: 36 bits physical, 48 bits virtual
power management:

processor	: 6
vendor_id	: GenuineIntel
cpu family	: 6
model		: 42
model name	: Intel(R) Core(TM) i7-2670QM CPU @ 2.20GHz
stepping	: 7
microcode	: 0x1b
cpu MHz		: 2063.617
cache size	: 6144 KB
physical id	: 0
siblings	: 8
core id		: 2
cpu cores	: 4
apicid		: 5
initial apicid	: 5
fpu		: yes
fpu_exception	: yes
cpuid level	: 13
wp		: yes
flags		: fpu vme de pse tsc msr pae mce cx8 apic sep mtrr pge mca cmov pat pse36 clflush dts acpi mmx fxsr sse sse2 ss ht tm pbe syscall nx rdtscp lm constant_tsc arch_perfmon pebs bts rep_good nopl xtopology nonstop_tsc aperfmperf eagerfpu pni pclmulqdq dtes64 monitor ds_cpl vmx est tm2 ssse3 cx16 xtpr pdcm pcid sse4_1 sse4_2 x2apic popcnt tsc_deadline_timer aes xsave avx lahf_lm arat epb pln pts dtherm tpr_shadow vnmi flexpriority ept vpid xsaveopt
bugs		:
bogomips	: 4391.99
clflush size	: 64
cache_alignment	: 64
address sizes	: 36 bits physical, 48 bits virtual
power management:

processor	: 7
vendor_id	: GenuineIntel
cpu family	: 6
model		: 42
model name	: Intel(R) Core(TM) i7-2670QM CPU @ 2.20GHz
stepping	: 7
microcode	: 0x1b
cpu MHz		: 2190.718
cache size	: 6144 KB
physical id	: 0
siblings	: 8
core id		: 3
cpu cores	: 4
apicid		: 7
initial apicid	: 7
fpu		: yes
fpu_exception	: yes
cpuid level	: 13
wp		: yes
flags		: fpu vme de pse tsc msr pae mce cx8 apic sep mtrr pge mca cmov pat pse36 clflush dts acpi mmx fxsr sse sse2 ss ht tm pbe syscall nx rdtscp lm constant_tsc arch_perfmon pebs bts rep_good nopl xtopology nonstop_tsc aperfmperf eagerfpu pni pclmulqdq dtes64 monitor ds_cpl vmx est tm2 ssse3 cx16 xtpr pdcm pcid sse4_1 sse4_2 x2apic popcnt tsc_deadline_timer aes xsave avx lahf_lm arat epb pln pts dtherm tpr_shadow vnmi flexpriority ept vpid xsaveopt
bugs		:
bogomips	: 4391.99
clflush size	: 64
cache_alignment	: 64
address sizes	: 36 bits physical, 48 bits virtual
power management:



Memory: 4k page, physical 6019388k(54232k free), swap 0k(0k free)

vm_info: Java HotSpot(TM) 64-Bit Server VM (25.51-b03) for linux-amd64 JRE (1.8.0_51-b16), built on Jun  8 2015 19:28:07 by "java_re" with gcc 4.3.0 20080428 (Red Hat 4.3.0-8)

time: Wed Aug 19 22:30:22 2015
elapsed time: 0 seconds (0d 0h 0m 0s)

